<?xml version="1.0" encoding="UTF-8"?>
<!-- Generated by org.testng.reporters.JUnitReportReporter -->
<testsuite hostname="LAPTOP-KHONK8Q1" failures="0" tests="1" name="Indigo.Project_On_IndiGO_Airline_Application.TestCase_5_IndiGo_B_To_C" time="95.392" errors="0" timestamp="2024-04-01T21:18:25 IST" skipped="0">
  <testcase classname="Indigo.Project_On_IndiGO_Airline_Application.TestCase_5_IndiGo_B_To_C" name="testCase_5_IndiGo_B_To_C_Search_Functionality_for_Round_Trip_Flight" time="95.392"/>
  <system-out>
    <![CDATA[Clicking on Customer login
Entering valid user name
Entering valid password
Successfully login
clicked on drop down 
Done with Asssertion for One Way Trip
clicked on Round Trip
clicked on number of passenger
incremented number of passengers from 1 to 2
clicked on Done
done with assertion on from text field
Successfully sending the text in the FROM text filed
Successfully sending the text in the TO text filed
clicked on travelling date
date selected
Select one country currency from dropdown
Selected the indian currency from dropdown
clicked on the search button
Took ScreenShot onTestSuccess]]>
  </system-out>
</testsuite> <!-- Indigo.Project_On_IndiGO_Airline_Application.TestCase_5_IndiGo_B_To_C -->
