<?xml version="1.0" encoding="UTF-8"?>
<!-- Generated by org.testng.reporters.JUnitReportReporter -->
<testsuite hostname="LAPTOP-KHONK8Q1" failures="0" tests="1" name="Indigo.Project_On_IndiGO_Airline_Application.TestCase_8_IndiGo_B_To_C" time="133.821" errors="0" timestamp="2024-04-05T14:55:15 IST" skipped="0">
  <testcase classname="Indigo.Project_On_IndiGO_Airline_Application.TestCase_8_IndiGo_B_To_C" name="testCase_8_IndiGo_B_To_C_Chech_For_Seat_Selection_During_Bookinf_In_Process" time="133.821"/>
  <system-out>
    <![CDATA[Clicking on Customer login
Entering valid password
Entering valid user name
Successfully login
Clicked on the Increment Persons
Successfully increment the Adult from 1 to 2
Clicked on Drop down of Adults
Clicked on the double seat drop down for Adults
Successfully Added the Double seat
Done Assertion on the Alert message 
Done Assertion on the Alert Passage
Again Clicked on the increase person
Sucessfully Increment on the child
Successfully incremented children
Selected double seat for children
Successfully increment on the Infants
clicked on drop down 
Done with Asssertion for One Way Trip
clicked on One Way Trip
done with assertion on from text field
Successfully sending the text in the FROM text filed
Successfully sending the text in the TO text filed
clicked on travelling date
date selected
Select one country currency from dropdown
Selected the indian currency from dropdown
clicked on the search button
Took ScreenShot onTestSuccess]]>
  </system-out>
</testsuite> <!-- Indigo.Project_On_IndiGO_Airline_Application.TestCase_8_IndiGo_B_To_C -->
