<?xml version="1.0" encoding="UTF-8"?>
<!-- Generated by org.testng.reporters.JUnitReportReporter -->
<testsuite hostname="LAPTOP-KHONK8Q1" failures="0" tests="6" name="Indigo.Project_On_IndiGO_Airline_Application.TestCase_6_IndiGo_B_To_C" time="90.401" errors="0" timestamp="2024-04-03T22:44:22 IST" skipped="0">
  <testcase classname="Indigo.Project_On_IndiGO_Airline_Application.TestCase_6_IndiGo_B_To_C" name="testCase_6_IndiGo_B_To_C_search_results_for_6exclusive" time="48.831"/>
  <system-out>
    <![CDATA[Clicking on Customer login
Entering valid user name
Entering valid password
Successfully login
clicked on  6_exclusive
Took ScreenShot onTestSuccess]]>
  </system-out>
  <testcase classname="Indigo.Project_On_IndiGO_Airline_Application.TestCase_6_IndiGo_B_To_C" name="testCase_6_IndiGo_B_To_C_search_results_for_Armed_Force" time="10.336"/>
  <system-out>
    <![CDATA[clicked on Armed_Force
Took ScreenShot onTestSuccess]]>
  </system-out>
  <testcase classname="Indigo.Project_On_IndiGO_Airline_Application.TestCase_6_IndiGo_B_To_C" name="testCase_6_IndiGo_B_To_C_search_results_for_Doctor_And_Nurse" time="10.389"/>
  <system-out>
    <![CDATA[clicked on Doctor And Nurse
Took ScreenShot onTestSuccess]]>
  </system-out>
  <testcase classname="Indigo.Project_On_IndiGO_Airline_Application.TestCase_6_IndiGo_B_To_C" name="testCase_6_IndiGo_B_To_C_search_results_for_Family_And_Friends" time="5.222"/>
  <system-out>
    <![CDATA[clicked on Doctor And Nurse
Took ScreenShot onTestSuccess]]>
  </system-out>
  <testcase classname="Indigo.Project_On_IndiGO_Airline_Application.TestCase_6_IndiGo_B_To_C" name="testCase_6_IndiGo_B_To_C_search_results_for_UnAccompained_Minor" time="5.158"/>
  <system-out>
    <![CDATA[clicked on Unaccompained Minor
Took ScreenShot onTestSuccess]]>
  </system-out>
  <testcase classname="Indigo.Project_On_IndiGO_Airline_Application.TestCase_6_IndiGo_B_To_C" name="testCase_6_IndiGo_B_To_C_search_results_for_student" time="10.465"/>
  <system-out>
    <![CDATA[clicked on Students
Took ScreenShot onTestSuccess]]>
  </system-out>
</testsuite> <!-- Indigo.Project_On_IndiGO_Airline_Application.TestCase_6_IndiGo_B_To_C -->
