<?xml version="1.0" encoding="UTF-8"?>
<!-- Generated by org.testng.reporters.JUnitReportReporter -->
<testsuite hostname="LAPTOP-KHONK8Q1" failures="0" tests="1" name="Indigo.Project_On_IndiGO_Airline_Application.IndiGo_launch_And_Quit" time="0.011" errors="0" timestamp="2024-04-10T12:15:21 IST" skipped="0">
  <testcase classname="Indigo.Project_On_IndiGO_Airline_Application.IndiGo_launch_And_Quit" name="one" time="0.011"/>
  <system-out>
    <![CDATA[Took ScreenShot onTestSuccess]]>
  </system-out>
</testsuite> <!-- Indigo.Project_On_IndiGO_Airline_Application.IndiGo_launch_And_Quit -->
